<?xml version="1.0" encoding="UTF-8"?>
<!-- Generated by org.testng.reporters.JUnitReportReporter -->
<testsuite skipped="0" hostname="DESKTOP-R33ALFL" name="MavenLearnings.RestAPITest" tests="4" failures="0" timestamp="2020-11-26T15:30:31 IST" time="0.004" errors="0">
  <testcase name="PayRent" time="0.000" classname="MavenLearnings.RestAPITest"/>
  <system-out/>
  <testcase name="prerequvisit" time="0.000" classname="MavenLearnings.RestAPITest"/>
  <system-out/>
  <testcase name="PayLoan" time="0.000" classname="MavenLearnings.RestAPITest"/>
  <system-out/>
  <testcase name="PayCCBill" time="0.004" classname="MavenLearnings.RestAPITest"/>
  <system-out/>
</testsuite> <!-- MavenLearnings.RestAPITest -->
