<?xml version="1.0" encoding="UTF-8"?>
<!-- Generated by org.testng.reporters.JUnitReportReporter -->
<testsuite skipped="0" hostname="DESKTOP-R33ALFL" name="MavenLearnings.APITest" tests="6" failures="0" timestamp="2020-11-26T15:30:45 IST" time="0.000" errors="0">
  <testcase name="BeforeClass" time="0.000" classname="MavenLearnings.APITest"/>
  <system-out/>
  <testcase name="OldPropertyLoan" time="0.000" classname="MavenLearnings.APITest"/>
  <system-out/>
  <testcase name="NewPropertyLoan" time="0.000" classname="MavenLearnings.APITest"/>
  <system-out/>
  <testcase name="NewShopLoan" time="0.000" classname="MavenLearnings.APITest"/>
  <system-out/>
  <testcase name="OldShopLoan" time="0.000" classname="MavenLearnings.APITest"/>
  <system-out/>
  <testcase name="AfterClass" time="0.000" classname="MavenLearnings.APITest"/>
  <system-out/>
</testsuite> <!-- MavenLearnings.APITest -->
